[2024-11-02 14:15:10] The class Balance_commands is started.
[2024-11-02 14:15:10] The class Log is started.
[2024-11-02 14:15:10] The class Profile is started.
[2024-11-02 14:15:10] The class Welcome is started.
[2024-11-02 14:15:15] The bot Bot6v is started.
[2024-11-02 14:15:23] tegun4iks, join in GhostWorld
[2024-11-02 14:15:24] The message has been edited Member: Bot6v(1290421251269197874) Before:  After: 
[2024-11-02 14:16:01] tegun4iks, join in GhostWorld
[2024-11-02 14:16:15] tegun4iks, join in GhostWorld
[2024-11-02 14:16:16] The message has been edited Member: Bot6v(1290421251269197874) Before:  After: 
[2024-11-02 14:16:28] tegun4iks, join in GhostWorld
[2024-11-02 14:16:29] The message has been edited Member: Bot6v(1290421251269197874) Before:  After: 
[2024-11-02 14:16:45] tegun4iks, join in GhostWorld
[2024-11-02 14:16:53] tegun4iks, join in GhostWorld
[2024-11-02 14:16:54] The message has been edited Member: Bot6v(1290421251269197874) Before:  After: 
[2024-11-02 14:17:08] tegun4iks, join in GhostWorld
[2024-11-02 14:17:16] tegun4iks, join in GhostWorld
[2024-11-02 14:17:33] The message has been edited Member: Ten4iks(1111956796865785939) Before: https://tenor.com/view/spice-and-wolf-spice-and-wolf-remake-spice-and-wolf-2024-holo-korbo-gif-17828235424199105160 After: https://tenor.com/view/spice-and-wolf-spice-and-wolf-remake-spice-and-wolf-2024-holo-korbo-gif-17828235424199105160
[2024-11-02 14:19:39] The message has been edited Member: Ten4iks(1111956796865785939) Before: https://images-ext-1.discordapp.net/external/XtqAZTBZwpIxGiXy9h4d9V8FmRc372SS5KXsdezE_z0/https/media.tenor.com/2IId5ca5pEYAAAPo/ken-takakura-okarun.mp4 After: https://images-ext-1.discordapp.net/external/XtqAZTBZwpIxGiXy9h4d9V8FmRc372SS5KXsdezE_z0/https/media.tenor.com/2IId5ca5pEYAAAPo/ken-takakura-okarun.mp4
[2024-11-02 14:20:00] The message has been deleted Member: Ten4iks(1111956796865785939) Deleted message: https://tenor.com/view/ken-takakura-okarun-dandadan-gif-15601064931883590726
[2024-11-02 14:20:02] The message has been deleted Member: Ten4iks(1111956796865785939) Deleted message: https://images-ext-1.discordapp.net/external/XtqAZTBZwpIxGiXy9h4d9V8FmRc372SS5KXsdezE_z0/https/media.tenor.com/2IId5ca5pEYAAAPo/ken-takakura-okarun.mp4
[2024-11-02 14:20:28] The message has been deleted Member: Ten4iks(1111956796865785939) Deleted message: https://tenor.com/view/ken-takakura-okarun-dandadan-gif-15601064931883590726
[2024-11-02 14:23:17] The message has been edited Member: Ten4iks(1111956796865785939) Before: https://cdn.discordapp.com/attachments/1274701288147521741/1278780267473014804/Flaim_andrey_1.gif After: https://cdn.discordapp.com/attachments/1274701288147521741/1278780267473014804/Flaim_andrey_1.gif
[2024-11-02 14:23:50] The message has been deleted Member: Ten4iks(1111956796865785939) Deleted message: https://cdn.discordapp.com/attachments/1274701288147521741/1278780267473014804/Flaim_andrey_1.gif
[2024-11-02 14:23:58] The message has been edited Member: Ten4iks(1111956796865785939) Before: https://tenor.com/view/naruto-ricardo-kurama-milos-meme-gif-13427812 After: https://tenor.com/view/naruto-ricardo-kurama-milos-meme-gif-13427812
[2024-11-02 14:24:33] The message has been deleted Member: Ten4iks(1111956796865785939) Deleted message: https://tenor.com/view/naruto-ricardo-kurama-milos-meme-gif-13427812
[2024-11-02 14:24:45] The message has been edited Member: Ten4iks(1111956796865785939) Before: https://media.discordapp.net/attachments/955437193541845095/991647273853403207/87df475e8cbec18f.gif After: https://media.discordapp.net/attachments/955437193541845095/991647273853403207/87df475e8cbec18f.gif
[2024-11-02 14:24:50] The message has been edited Member: Ten4iks(1111956796865785939) Before: https://media.discordapp.net/attachments/955437193541845095/991647310478049320/8ad45f0ce29423b2.gif After: https://media.discordapp.net/attachments/955437193541845095/991647310478049320/8ad45f0ce29423b2.gif
[2024-11-02 14:26:00] The message has been edited Member: Ten4iks(1111956796865785939) Before: https://tenor.com/view/depressed-sad-boi-sleepy-lonely-gif-16658727 After: https://tenor.com/view/depressed-sad-boi-sleepy-lonely-gif-16658727
[2024-11-02 14:26:09] The message has been edited Member: Ten4iks(1111956796865785939) Before: https://tenor.com/view/anime-sad-alone-gif-8492072383534997738 After: https://tenor.com/view/anime-sad-alone-gif-8492072383534997738
[2024-11-02 14:26:34] The message has been edited Member: Ten4iks(1111956796865785939) Before: https://media.discordapp.net/attachments/1206266237550862397/1209180463000977468/0000-0073.gif After: https://media.discordapp.net/attachments/1206266237550862397/1209180463000977468/0000-0073.gif
[2024-11-02 14:27:11] The message has been deleted Member: Ten4iks(1111956796865785939) Deleted message: https://media.discordapp.net/attachments/1206266237550862397/1209180463000977468/0000-0073.gif
[2024-11-02 14:27:20] The message has been edited Member: Ten4iks(1111956796865785939) Before: https://media.discordapp.net/attachments/982576128109707264/1215314760535375933/2024-03-07_17-56-40.gif After: https://media.discordapp.net/attachments/982576128109707264/1215314760535375933/2024-03-07_17-56-40.gif
[2024-11-02 14:27:27] The message has been deleted Member: Ten4iks(1111956796865785939) Deleted message: https://media.discordapp.net/attachments/982576128109707264/1215314760535375933/2024-03-07_17-56-40.gif
[2024-11-02 14:27:37] The message has been edited Member: Ten4iks(1111956796865785939) Before: https://tenor.com/view/faputa-cute-made-in-abyss-nervous-flustered-gif-26844205 After: https://tenor.com/view/faputa-cute-made-in-abyss-nervous-flustered-gif-26844205
[2024-11-02 14:28:49] The message has been deleted Member: Ten4iks(1111956796865785939) Deleted message: https://tenor.com/view/faputa-cute-made-in-abyss-nervous-flustered-gif-26844205
[2024-11-02 14:28:51] The message has been deleted Member: Ten4iks(1111956796865785939) Deleted message: https://tenor.com/view/anime-sad-alone-gif-8492072383534997738
[2024-11-02 14:28:53] The message has been deleted Member: Ten4iks(1111956796865785939) Deleted message: https://tenor.com/view/depressed-sad-boi-sleepy-lonely-gif-16658727
[2024-11-02 14:28:55] The message has been deleted Member: Ten4iks(1111956796865785939) Deleted message: https://media.discordapp.net/attachments/955437193541845095/991647310478049320/8ad45f0ce29423b2.gif
[2024-11-02 14:28:57] The message has been deleted Member: Ten4iks(1111956796865785939) Deleted message: https://media.discordapp.net/attachments/955437193541845095/991647273853403207/87df475e8cbec18f.gif
[2024-11-02 14:28:59] The message has been deleted Member: Ten4iks(1111956796865785939) Deleted message: https://tenor.com/view/phasmophobia-gif-10932542389967026704
[2024-11-02 14:29:01] The message has been deleted Member: Ten4iks(1111956796865785939) Deleted message: https://tenor.com/view/spice-and-wolf-spice-and-wolf-remake-spice-and-wolf-2024-holo-korbo-gif-17828235424199105160
[2024-11-02 14:29:04] The message has been deleted Member: Ten4iks(1111956796865785939) Deleted message: https/media.tenor.com/2IId5ca5pEYAAAPo/ken-takakura-okarun.mp4
